# JRE version: Java(TM) SE Runtime Environment (20.0.2+9) (build 20.0.2+9-78)
# Java VM: Java HotSpot(TM) 64-Bit Server VM (20.0.2+9-78, mixed mode, sharing, tiered, compressed oops, compressed class ptrs, g1 gc, windows-amd64)
GC Precious Log:
 CardTable entry size: 512
 Card Set container configuration: InlinePtr #cards 5 size 8 Array Of Cards #cards 12 size 40 Howl #buckets 4 coarsen threshold 1843 Howl Bitmap #cards 512 size 80 coarsen threshold 460 Card regions per heap region 1 cards per card region 2048
 CPUs: 8 total, 8 available
 Memory: 7973M
 Large Page Support: Disabled
 NUMA Support: Disabled
 Compressed Oops: Enabled (32-bit)
 Heap Region Size: 1M
 Heap Min Capacity: 8M
 Heap Initial Capacity: 126M
 Heap Max Capacity: 1994M
 Pre-touch: Disabled
 Parallel Workers: 8
 Concurrent Workers: 2
 Concurrent Refinement Workers: 8
 Periodic GC: Disabled
Heap:
 garbage-first heap   total 102400K, used 88442K [0x0000000083600000, 0x0000000100000000)
  region size 1024K, 31 young (31744K), 2 survivors (2048K)
 Metaspace       used 78664K, committed 79552K, reserved 1179648K
  class space    used 10313K, committed 10752K, reserved 1048576K
GC Heap History (20 events):
Event: 10.850 GC heap before
{Heap before GC invocations=18 (full 0):
 garbage-first heap   total 70656K, used 60881K [0x0000000083600000, 0x0000000100000000)
  region size 1024K, 24 young (24576K), 4 survivors (4096K)
 Metaspace       used 62637K, committed 63168K, reserved 1114112K
  class space    used 8266K, committed 8512K, reserved 1048576K
}
Event: 10.855 GC heap after
{Heap after GC invocations=19 (full 0):
 garbage-first heap   total 70656K, used 42712K [0x0000000083600000, 0x0000000100000000)
  region size 1024K, 3 young (3072K), 3 survivors (3072K)
 Metaspace       used 62637K, committed 63168K, reserved 1114112K
  class space    used 8266K, committed 8512K, reserved 1048576K
}
Event: 11.375 GC heap before
{Heap before GC invocations=20 (full 0):
 garbage-first heap   total 76800K, used 61144K [0x0000000083600000, 0x0000000100000000)
  region size 1024K, 21 young (21504K), 3 survivors (3072K)
 Metaspace       used 64427K, committed 65024K, reserved 1114112K
  class space    used 8538K, committed 8832K, reserved 1048576K
}
Event: 11.379 GC heap after
{Heap after GC invocations=21 (full 0):
 garbage-first heap   total 76800K, used 44726K [0x0000000083600000, 0x0000000100000000)
  region size 1024K, 2 young (2048K), 2 survivors (2048K)
 Metaspace       used 64427K, committed 65024K, reserved 1114112K
  class space    used 8538K, committed 8832K, reserved 1048576K
}
Event: 11.855 GC heap before
{Heap before GC invocations=21 (full 0):
 garbage-first heap   total 76800K, used 69302K [0x0000000083600000, 0x0000000100000000)
  region size 1024K, 26 young (26624K), 2 survivors (2048K)
 Metaspace       used 66284K, committed 66944K, reserved 1114112K
  class space    used 8789K, committed 9088K, reserved 1048576K
}
Event: 11.860 GC heap after
{Heap after GC invocations=22 (full 0):
 garbage-first heap   total 76800K, used 46755K [0x0000000083600000, 0x0000000100000000)
  region size 1024K, 4 young (4096K), 4 survivors (4096K)
 Metaspace       used 66284K, committed 66944K, reserved 1114112K
  class space    used 8789K, committed 9088K, reserved 1048576K
}
Event: 12.213 GC heap before
{Heap before GC invocations=22 (full 0):
 garbage-first heap   total 76800K, used 67235K [0x0000000083600000, 0x0000000100000000)
  region size 1024K, 24 young (24576K), 4 survivors (4096K)
 Metaspace       used 67333K, committed 68032K, reserved 1114112K
  class space    used 8963K, committed 9280K, reserved 1048576K
}
Event: 12.218 GC heap after
{Heap after GC invocations=23 (full 0):
 garbage-first heap   total 76800K, used 49439K [0x0000000083600000, 0x0000000100000000)
  region size 1024K, 3 young (3072K), 3 survivors (3072K)
 Metaspace       used 67333K, committed 68032K, reserved 1114112K
  class space    used 8963K, committed 9280K, reserved 1048576K
}
Event: 12.604 GC heap before
{Heap before GC invocations=24 (full 0):
 garbage-first heap   total 87040K, used 67871K [0x0000000083600000, 0x0000000100000000)
  region size 1024K, 21 young (21504K), 3 survivors (3072K)
 Metaspace       used 68576K, committed 69312K, reserved 1114112K
  class space    used 9130K, committed 9472K, reserved 1048576K
}
Event: 12.608 GC heap after
{Heap after GC invocations=25 (full 0):
 garbage-first heap   total 87040K, used 52193K [0x0000000083600000, 0x0000000100000000)
  region size 1024K, 3 young (3072K), 3 survivors (3072K)
 Metaspace       used 68576K, committed 69312K, reserved 1114112K
  class space    used 9130K, committed 9472K, reserved 1048576K
}
Event: 13.237 GC heap before
{Heap before GC invocations=25 (full 0):
 garbage-first heap   total 87040K, used 77793K [0x0000000083600000, 0x0000000100000000)
  region size 1024K, 28 young (28672K), 3 survivors (3072K)
 Metaspace       used 69687K, committed 70464K, reserved 1114112K
  class space    used 9307K, committed 9664K, reserved 1048576K
}
Event: 13.244 GC heap after
{Heap after GC invocations=26 (full 0):
 garbage-first heap   total 87040K, used 55398K [0x0000000083600000, 0x0000000100000000)
  region size 1024K, 4 young (4096K), 4 survivors (4096K)
 Metaspace       used 69687K, committed 70464K, reserved 1114112K
  class space    used 9307K, committed 9664K, reserved 1048576K
}
Event: 14.659 GC heap before
{Heap before GC invocations=26 (full 0):
 garbage-first heap   total 87040K, used 76902K [0x0000000083600000, 0x0000000100000000)
  region size 1024K, 25 young (25600K), 4 survivors (4096K)
 Metaspace       used 73207K, committed 74048K, reserved 1114112K
  class space    used 9722K, committed 10112K, reserved 1048576K
}
Event: 14.664 GC heap after
{Heap after GC invocations=27 (full 0):
 garbage-first heap   total 87040K, used 57565K [0x0000000083600000, 0x0000000100000000)
  region size 1024K, 3 young (3072K), 3 survivors (3072K)
 Metaspace       used 73207K, committed 74048K, reserved 1114112K
  class space    used 9722K, committed 10112K, reserved 1048576K
}
Event: 22.661 GC heap before
{Heap before GC invocations=28 (full 0):
 garbage-first heap   total 99328K, used 75997K [0x0000000083600000, 0x0000000100000000)
  region size 1024K, 22 young (22528K), 3 survivors (3072K)
 Metaspace       used 76093K, committed 76864K, reserved 1179648K
  class space    used 10124K, committed 10496K, reserved 1048576K
}
Event: 22.669 GC heap after
{Heap after GC invocations=29 (full 0):
 garbage-first heap   total 99328K, used 59284K [0x0000000083600000, 0x0000000100000000)
  region size 1024K, 2 young (2048K), 2 survivors (2048K)
 Metaspace       used 76093K, committed 76864K, reserved 1179648K
  class space    used 10124K, committed 10496K, reserved 1048576K
}
Event: 50.256 GC heap before
{Heap before GC invocations=29 (full 0):
 garbage-first heap   total 99328K, used 90004K [0x0000000083600000, 0x0000000100000000)
  region size 1024K, 32 young (32768K), 2 survivors (2048K)
 Metaspace       used 77821K, committed 78720K, reserved 1179648K
  class space    used 10306K, committed 10752K, reserved 1048576K
}
Event: 50.270 GC heap after
{Heap after GC invocations=30 (full 0):
 garbage-first heap   total 99328K, used 59492K [0x0000000083600000, 0x0000000100000000)
  region size 1024K, 3 young (3072K), 3 survivors (3072K)
 Metaspace       used 77821K, committed 78720K, reserved 1179648K
  class space    used 10306K, committed 10752K, reserved 1048576K
}
Event: 136.968 GC heap before
{Heap before GC invocations=30 (full 0):
 garbage-first heap   total 99328K, used 89188K [0x0000000083600000, 0x0000000100000000)
  region size 1024K, 32 young (32768K), 3 survivors (3072K)
 Metaspace       used 78570K, committed 79424K, reserved 1179648K
  class space    used 10313K, committed 10752K, reserved 1048576K
}
Event: 137.020 GC heap after
{Heap after GC invocations=31 (full 0):
 garbage-first heap   total 99328K, used 59770K [0x0000000083600000, 0x0000000100000000)
  region size 1024K, 2 young (2048K), 2 survivors (2048K)
 Metaspace       used 78570K, committed 79424K, reserved 1179648K
  class space    used 10313K, committed 10752K, reserved 1048576K
}

