# JRE version: Java(TM) SE Runtime Environment (20.0.2+9) (build 20.0.2+9-78)
# Java VM: Java HotSpot(TM) 64-Bit Server VM (20.0.2+9-78, mixed mode, sharing, tiered, compressed oops, compressed class ptrs, g1 gc, windows-amd64)
GC Precious Log:
 CardTable entry size: 512
 Card Set container configuration: InlinePtr #cards 5 size 8 Array Of Cards #cards 12 size 40 Howl #buckets 4 coarsen threshold 1843 Howl Bitmap #cards 512 size 80 coarsen threshold 460 Card regions per heap region 1 cards per card region 2048
 CPUs: 8 total, 8 available
 Memory: 7973M
 Large Page Support: Disabled
 NUMA Support: Disabled
 Compressed Oops: Enabled (32-bit)
 Heap Region Size: 1M
 Heap Min Capacity: 8M
 Heap Initial Capacity: 126M
 Heap Max Capacity: 1994M
 Pre-touch: Disabled
 Parallel Workers: 8
 Concurrent Workers: 2
 Concurrent Refinement Workers: 8
 Periodic GC: Disabled
Heap:
 garbage-first heap   total 108544K, used 95991K [0x0000000083600000, 0x0000000100000000)
  region size 1024K, 44 young (45056K), 1 survivors (1024K)
 Metaspace       used 80847K, committed 81472K, reserved 1179648K
  class space    used 10290K, committed 10624K, reserved 1048576K
GC Heap History (20 events):
Event: 6355.492 GC heap before
{Heap before GC invocations=56 (full 0):
 garbage-first heap   total 108544K, used 96210K [0x0000000083600000, 0x0000000100000000)
  region size 1024K, 46 young (47104K), 4 survivors (4096K)
 Metaspace       used 80727K, committed 81344K, reserved 1179648K
  class space    used 10304K, committed 10624K, reserved 1048576K
}
Event: 6355.674 GC heap after
{Heap after GC invocations=57 (full 0):
 garbage-first heap   total 108544K, used 54293K [0x0000000083600000, 0x0000000100000000)
  region size 1024K, 2 young (2048K), 2 survivors (2048K)
 Metaspace       used 80727K, committed 81344K, reserved 1179648K
  class space    used 10304K, committed 10624K, reserved 1048576K
}
Event: 6761.041 GC heap before
{Heap before GC invocations=58 (full 0):
 garbage-first heap   total 108544K, used 99349K [0x0000000083600000, 0x0000000100000000)
  region size 1024K, 46 young (47104K), 2 survivors (2048K)
 Metaspace       used 80736K, committed 81344K, reserved 1179648K
  class space    used 10305K, committed 10624K, reserved 1048576K
}
Event: 6761.170 GC heap after
{Heap after GC invocations=59 (full 0):
 garbage-first heap   total 108544K, used 54256K [0x0000000083600000, 0x0000000100000000)
  region size 1024K, 2 young (2048K), 2 survivors (2048K)
 Metaspace       used 80736K, committed 81344K, reserved 1179648K
  class space    used 10305K, committed 10624K, reserved 1048576K
}
Event: 7067.027 GC heap before
{Heap before GC invocations=59 (full 0):
 garbage-first heap   total 108544K, used 99312K [0x0000000083600000, 0x0000000100000000)
  region size 1024K, 46 young (47104K), 2 survivors (2048K)
 Metaspace       used 80750K, committed 81344K, reserved 1179648K
  class space    used 10305K, committed 10624K, reserved 1048576K
}
Event: 7067.108 GC heap after
{Heap after GC invocations=60 (full 0):
 garbage-first heap   total 108544K, used 54000K [0x0000000083600000, 0x0000000100000000)
  region size 1024K, 2 young (2048K), 2 survivors (2048K)
 Metaspace       used 80750K, committed 81344K, reserved 1179648K
  class space    used 10305K, committed 10624K, reserved 1048576K
}
Event: 7445.701 GC heap before
{Heap before GC invocations=60 (full 0):
 garbage-first heap   total 108544K, used 99056K [0x0000000083600000, 0x0000000100000000)
  region size 1024K, 46 young (47104K), 2 survivors (2048K)
 Metaspace       used 80777K, committed 81408K, reserved 1179648K
  class space    used 10305K, committed 10624K, reserved 1048576K
}
Event: 7446.174 GC heap after
{Heap after GC invocations=61 (full 0):
 garbage-first heap   total 108544K, used 54396K [0x0000000083600000, 0x0000000100000000)
  region size 1024K, 2 young (2048K), 2 survivors (2048K)
 Metaspace       used 80777K, committed 81408K, reserved 1179648K
  class space    used 10305K, committed 10624K, reserved 1048576K
}
Event: 7970.137 GC heap before
{Heap before GC invocations=62 (full 0):
 garbage-first heap   total 108544K, used 99452K [0x0000000083600000, 0x0000000100000000)
  region size 1024K, 46 young (47104K), 2 survivors (2048K)
 Metaspace       used 80733K, committed 81408K, reserved 1179648K
  class space    used 10290K, committed 10624K, reserved 1048576K
}
Event: 7970.341 GC heap after
{Heap after GC invocations=63 (full 0):
 garbage-first heap   total 108544K, used 54184K [0x0000000083600000, 0x0000000100000000)
  region size 1024K, 1 young (1024K), 1 survivors (1024K)
 Metaspace       used 80733K, committed 81408K, reserved 1179648K
  class space    used 10290K, committed 10624K, reserved 1048576K
}
Event: 8416.025 GC heap before
{Heap before GC invocations=63 (full 0):
 garbage-first heap   total 108544K, used 101288K [0x0000000083600000, 0x0000000100000000)
  region size 1024K, 47 young (48128K), 1 survivors (1024K)
 Metaspace       used 80741K, committed 81408K, reserved 1179648K
  class space    used 10290K, committed 10624K, reserved 1048576K
}
Event: 8416.258 GC heap after
{Heap after GC invocations=64 (full 0):
 garbage-first heap   total 108544K, used 53432K [0x0000000083600000, 0x0000000100000000)
  region size 1024K, 1 young (1024K), 1 survivors (1024K)
 Metaspace       used 80741K, committed 81408K, reserved 1179648K
  class space    used 10290K, committed 10624K, reserved 1048576K
}
Event: 8568.056 GC heap before
{Heap before GC invocations=64 (full 0):
 garbage-first heap   total 108544K, used 100536K [0x0000000083600000, 0x0000000100000000)
  region size 1024K, 47 young (48128K), 1 survivors (1024K)
 Metaspace       used 80778K, committed 81472K, reserved 1179648K
  class space    used 10291K, committed 10624K, reserved 1048576K
}
Event: 8568.188 GC heap after
{Heap after GC invocations=65 (full 0):
 garbage-first heap   total 108544K, used 53700K [0x0000000083600000, 0x0000000100000000)
  region size 1024K, 2 young (2048K), 2 survivors (2048K)
 Metaspace       used 80778K, committed 81472K, reserved 1179648K
  class space    used 10291K, committed 10624K, reserved 1048576K
}
Event: 8886.034 GC heap before
{Heap before GC invocations=66 (full 0):
 garbage-first heap   total 108544K, used 98756K [0x0000000083600000, 0x0000000100000000)
  region size 1024K, 46 young (47104K), 2 survivors (2048K)
 Metaspace       used 80801K, committed 81472K, reserved 1179648K
  class space    used 10289K, committed 10624K, reserved 1048576K
}
Event: 8886.143 GC heap after
{Heap after GC invocations=67 (full 0):
 garbage-first heap   total 108544K, used 53615K [0x0000000083600000, 0x0000000100000000)
  region size 1024K, 1 young (1024K), 1 survivors (1024K)
 Metaspace       used 80801K, committed 81472K, reserved 1179648K
  class space    used 10289K, committed 10624K, reserved 1048576K
}
Event: 9319.004 GC heap before
{Heap before GC invocations=67 (full 0):
 garbage-first heap   total 108544K, used 100719K [0x0000000083600000, 0x0000000100000000)
  region size 1024K, 47 young (48128K), 1 survivors (1024K)
 Metaspace       used 80805K, committed 81472K, reserved 1179648K
  class space    used 10290K, committed 10624K, reserved 1048576K
}
Event: 9319.255 GC heap after
{Heap after GC invocations=68 (full 0):
 garbage-first heap   total 108544K, used 53423K [0x0000000083600000, 0x0000000100000000)
  region size 1024K, 1 young (1024K), 1 survivors (1024K)
 Metaspace       used 80805K, committed 81472K, reserved 1179648K
  class space    used 10290K, committed 10624K, reserved 1048576K
}
Event: 9753.645 GC heap before
{Heap before GC invocations=68 (full 0):
 garbage-first heap   total 108544K, used 100527K [0x0000000083600000, 0x0000000100000000)
  region size 1024K, 47 young (48128K), 1 survivors (1024K)
 Metaspace       used 80824K, committed 81472K, reserved 1179648K
  class space    used 10290K, committed 10624K, reserved 1048576K
}
Event: 9753.732 GC heap after
{Heap after GC invocations=69 (full 0):
 garbage-first heap   total 108544K, used 52983K [0x0000000083600000, 0x0000000100000000)
  region size 1024K, 1 young (1024K), 1 survivors (1024K)
 Metaspace       used 80824K, committed 81472K, reserved 1179648K
  class space    used 10290K, committed 10624K, reserved 1048576K
}

