# JRE version: Java(TM) SE Runtime Environment (20.0.2+9) (build 20.0.2+9-78)
# Java VM: Java HotSpot(TM) 64-Bit Server VM (20.0.2+9-78, mixed mode, sharing, tiered, compressed oops, compressed class ptrs, g1 gc, windows-amd64)
GC Precious Log:
 CardTable entry size: 512
 Card Set container configuration: InlinePtr #cards 5 size 8 Array Of Cards #cards 12 size 40 Howl #buckets 4 coarsen threshold 1843 Howl Bitmap #cards 512 size 80 coarsen threshold 460 Card regions per heap region 1 cards per card region 2048
 CPUs: 8 total, 8 available
 Memory: 7973M
 Large Page Support: Disabled
 NUMA Support: Disabled
 Compressed Oops: Enabled (32-bit)
 Heap Region Size: 1M
 Heap Min Capacity: 8M
 Heap Initial Capacity: 126M
 Heap Max Capacity: 1994M
 Pre-touch: Disabled
 Parallel Workers: 8
 Concurrent Workers: 2
 Concurrent Refinement Workers: 8
 Periodic GC: Disabled
Heap:
 garbage-first heap   total 106496K, used 92951K [0x0000000083600000, 0x0000000100000000)
  region size 1024K, 36 young (36864K), 5 survivors (5120K)
 Metaspace       used 81494K, committed 82368K, reserved 1179648K
  class space    used 10680K, committed 11072K, reserved 1048576K
GC Heap History (20 events):
Event: 16.775 GC heap before
{Heap before GC invocations=17 (full 0):
 garbage-first heap   total 77824K, used 69420K [0x0000000083600000, 0x0000000100000000)
  region size 1024K, 34 young (34816K), 3 survivors (3072K)
 Metaspace       used 60830K, committed 61312K, reserved 1114112K
  class space    used 7992K, committed 8192K, reserved 1048576K
}
Event: 16.782 GC heap after
{Heap after GC invocations=18 (full 0):
 garbage-first heap   total 77824K, used 39296K [0x0000000083600000, 0x0000000100000000)
  region size 1024K, 3 young (3072K), 3 survivors (3072K)
 Metaspace       used 60830K, committed 61312K, reserved 1114112K
  class space    used 7992K, committed 8192K, reserved 1048576K
}
Event: 17.824 GC heap before
{Heap before GC invocations=18 (full 0):
 garbage-first heap   total 77824K, used 68992K [0x0000000083600000, 0x0000000100000000)
  region size 1024K, 32 young (32768K), 3 survivors (3072K)
 Metaspace       used 62670K, committed 63168K, reserved 1114112K
  class space    used 8259K, committed 8448K, reserved 1048576K
}
Event: 17.834 GC heap after
{Heap after GC invocations=19 (full 0):
 garbage-first heap   total 77824K, used 41984K [0x0000000083600000, 0x0000000100000000)
  region size 1024K, 4 young (4096K), 4 survivors (4096K)
 Metaspace       used 62670K, committed 63168K, reserved 1114112K
  class space    used 8259K, committed 8448K, reserved 1048576K
}
Event: 19.011 GC heap before
{Heap before GC invocations=19 (full 0):
 garbage-first heap   total 77824K, used 68608K [0x0000000083600000, 0x0000000100000000)
  region size 1024K, 30 young (30720K), 4 survivors (4096K)
 Metaspace       used 65248K, committed 65856K, reserved 1114112K
  class space    used 8621K, committed 8896K, reserved 1048576K
}
Event: 19.020 GC heap after
{Heap after GC invocations=20 (full 0):
 garbage-first heap   total 77824K, used 44992K [0x0000000083600000, 0x0000000100000000)
  region size 1024K, 3 young (3072K), 3 survivors (3072K)
 Metaspace       used 65248K, committed 65856K, reserved 1114112K
  class space    used 8621K, committed 8896K, reserved 1048576K
}
Event: 20.001 GC heap before
{Heap before GC invocations=21 (full 0):
 garbage-first heap   total 80896K, used 68544K [0x0000000083600000, 0x0000000100000000)
  region size 1024K, 26 young (26624K), 3 survivors (3072K)
 Metaspace       used 66771K, committed 67456K, reserved 1114112K
  class space    used 8854K, committed 9152K, reserved 1048576K
}
Event: 20.008 GC heap after
{Heap after GC invocations=22 (full 0):
 garbage-first heap   total 80896K, used 47406K [0x0000000083600000, 0x0000000100000000)
  region size 1024K, 3 young (3072K), 3 survivors (3072K)
 Metaspace       used 66771K, committed 67456K, reserved 1114112K
  class space    used 8854K, committed 9152K, reserved 1048576K
}
Event: 21.051 GC heap before
{Heap before GC invocations=22 (full 0):
 garbage-first heap   total 80896K, used 71982K [0x0000000083600000, 0x0000000100000000)
  region size 1024K, 27 young (27648K), 3 survivors (3072K)
 Metaspace       used 68378K, committed 69056K, reserved 1114112K
  class space    used 9072K, committed 9408K, reserved 1048576K
}
Event: 21.062 GC heap after
{Heap after GC invocations=23 (full 0):
 garbage-first heap   total 80896K, used 50199K [0x0000000083600000, 0x0000000100000000)
  region size 1024K, 4 young (4096K), 4 survivors (4096K)
 Metaspace       used 68378K, committed 69056K, reserved 1114112K
  class space    used 9072K, committed 9408K, reserved 1048576K
}
Event: 21.746 GC heap before
{Heap before GC invocations=23 (full 0):
 garbage-first heap   total 80896K, used 70679K [0x0000000083600000, 0x0000000100000000)
  region size 1024K, 24 young (24576K), 4 survivors (4096K)
 Metaspace       used 69461K, committed 70208K, reserved 1114112K
  class space    used 9256K, committed 9600K, reserved 1048576K
}
Event: 21.754 GC heap after
{Heap after GC invocations=24 (full 0):
 garbage-first heap   total 97280K, used 53317K [0x0000000083600000, 0x0000000100000000)
  region size 1024K, 3 young (3072K), 3 survivors (3072K)
 Metaspace       used 69461K, committed 70208K, reserved 1114112K
  class space    used 9256K, committed 9600K, reserved 1048576K
}
Event: 24.045 GC heap before
{Heap before GC invocations=25 (full 0):
 garbage-first heap   total 101376K, used 86085K [0x0000000083600000, 0x0000000100000000)
  region size 1024K, 35 young (35840K), 3 survivors (3072K)
 Metaspace       used 73212K, committed 73984K, reserved 1114112K
  class space    used 9706K, committed 10048K, reserved 1048576K
}
Event: 24.056 GC heap after
{Heap after GC invocations=26 (full 0):
 garbage-first heap   total 101376K, used 56797K [0x0000000083600000, 0x0000000100000000)
  region size 1024K, 4 young (4096K), 4 survivors (4096K)
 Metaspace       used 73212K, committed 73984K, reserved 1114112K
  class space    used 9706K, committed 10048K, reserved 1048576K
}
Event: 142.334 GC heap before
{Heap before GC invocations=26 (full 0):
 garbage-first heap   total 101376K, used 89565K [0x0000000083600000, 0x0000000100000000)
  region size 1024K, 37 young (37888K), 4 survivors (4096K)
 Metaspace       used 77234K, committed 78080K, reserved 1179648K
  class space    used 10238K, committed 10624K, reserved 1048576K
}
Event: 142.413 GC heap after
{Heap after GC invocations=27 (full 0):
 garbage-first heap   total 101376K, used 58206K [0x0000000083600000, 0x0000000100000000)
  region size 1024K, 3 young (3072K), 3 survivors (3072K)
 Metaspace       used 77234K, committed 78080K, reserved 1179648K
  class space    used 10238K, committed 10624K, reserved 1048576K
}
Event: 143.353 GC heap before
{Heap before GC invocations=27 (full 0):
 garbage-first heap   total 101376K, used 90974K [0x0000000083600000, 0x0000000100000000)
  region size 1024K, 35 young (35840K), 3 survivors (3072K)
 Metaspace       used 78885K, committed 79808K, reserved 1179648K
  class space    used 10452K, committed 10880K, reserved 1048576K
}
Event: 143.362 GC heap after
{Heap after GC invocations=28 (full 0):
 garbage-first heap   total 101376K, used 59797K [0x0000000083600000, 0x0000000100000000)
  region size 1024K, 4 young (4096K), 4 survivors (4096K)
 Metaspace       used 78885K, committed 79808K, reserved 1179648K
  class space    used 10452K, committed 10880K, reserved 1048576K
}
Event: 191.181 GC heap before
{Heap before GC invocations=29 (full 0):
 garbage-first heap   total 106496K, used 95637K [0x0000000083600000, 0x0000000100000000)
  region size 1024K, 34 young (34816K), 4 survivors (4096K)
 Metaspace       used 79782K, committed 80704K, reserved 1179648K
  class space    used 10518K, committed 10944K, reserved 1048576K
}
Event: 191.237 GC heap after
{Heap after GC invocations=30 (full 0):
 garbage-first heap   total 106496K, used 62231K [0x0000000083600000, 0x0000000100000000)
  region size 1024K, 5 young (5120K), 5 survivors (5120K)
 Metaspace       used 79782K, committed 80704K, reserved 1179648K
  class space    used 10518K, committed 10944K, reserved 1048576K
}

